TN:
SF:./src/main.js
FNF:0
FNH:0
DA:3,1
LF:1
LH:1
BRF:0
BRH:0
end_of_record
TN:
SF:./src/services/cache.js
FN:3,ResourcifyCache
FN:5,Cache
FN:15,(anonymous_3)
FN:28,(anonymous_4)
FN:34,(anonymous_5)
FN:44,(anonymous_6)
FN:47,(anonymous_7)
FN:53,(anonymous_8)
FN:65,(anonymous_9)
FN:70,(anonymous_10)
FN:81,(anonymous_11)
FN:85,(anonymous_12)
FN:88,(anonymous_13)
FN:93,(anonymous_14)
FN:96,(anonymous_15)
FN:110,(anonymous_16)
FNF:16
FNH:13
FNDA:30,ResourcifyCache
FNDA:6,Cache
FNDA:17,(anonymous_3)
FNDA:1,(anonymous_4)
FNDA:0,(anonymous_5)
FNDA:23,(anonymous_6)
FNDA:23,(anonymous_7)
FNDA:0,(anonymous_8)
FNDA:0,(anonymous_9)
FNDA:6,(anonymous_10)
FNDA:7,(anonymous_11)
FNDA:6,(anonymous_12)
FNDA:10,(anonymous_13)
FNDA:3,(anonymous_14)
FNDA:6,(anonymous_15)
FNDA:6,(anonymous_16)
DA:3,1
DA:5,1
DA:6,6
DA:7,6
DA:12,6
DA:15,30
DA:19,17
DA:20,17
DA:21,17
DA:22,0
DA:23,0
DA:26,17
DA:27,12
DA:28,1
DA:29,1
DA:32,12
DA:34,12
DA:35,0
DA:37,12
DA:39,5
DA:40,5
DA:44,30
DA:45,23
DA:46,23
DA:47,23
DA:48,23
DA:50,23
DA:53,30
DA:54,0
DA:55,0
DA:57,0
DA:58,0
DA:59,0
DA:62,0
DA:65,30
DA:66,0
DA:67,0
DA:70,30
DA:71,6
DA:72,0
DA:74,6
DA:75,6
DA:76,0
DA:78,6
DA:81,30
DA:82,7
DA:85,30
DA:86,6
DA:87,5
DA:88,5
DA:89,10
DA:93,1
DA:94,3
DA:95,3
DA:96,3
DA:97,6
DA:98,2
DA:101,3
DA:102,1
DA:106,6
DA:109,30
DA:111,6
DA:116,1
LF:63
LH:50
BRDA:22,1,0,0
BRDA:22,1,1,0
BRDA:26,2,0,12
BRDA:26,2,1,5
BRDA:27,3,0,1
BRDA:27,3,1,11
BRDA:46,4,0,0
BRDA:46,4,1,23
BRDA:54,5,0,0
BRDA:54,5,1,0
BRDA:71,6,0,0
BRDA:71,6,1,6
BRDA:82,7,0,2
BRDA:82,7,1,5
BRDA:86,8,0,5
BRDA:86,8,1,1
BRDA:97,9,0,2
BRDA:97,9,1,4
BRDA:101,10,0,1
BRDA:101,10,1,2
BRF:20
BRH:14
end_of_record
TN:
SF:./src/services/resourcify.js
FN:5,renameFunction
FN:11,functionName
FN:18,cloneConstructor
FN:20,Clone
FN:35,resourcificator
FN:37,Resourcify
FN:60,(anonymous_7)
FN:72,(anonymous_8)
FN:92,(anonymous_9)
FN:97,(anonymous_10)
FN:102,(anonymous_11)
FN:107,(anonymous_12)
FN:111,addRequest
FN:128,(anonymous_14)
FN:135,(anonymous_15)
FN:142,(anonymous_16)
FN:149,(anonymous_17)
FN:157,doRequest
FN:159,resolve
FN:199,(anonymous_20)
FN:207,ok
FN:216,(anonymous_22)
FN:253,rejection
FN:259,buildSubResourceParams
FN:268,(anonymous_25)
FN:288,recurseParent
FN:294,(anonymous_27)
FN:303,generateRequest
FN:304,request
FN:371,resolved
FN:374,rejected
FNF:31
FNH:26
FNDA:39,renameFunction
FNDA:10,functionName
FNDA:10,cloneConstructor
FNDA:7,Clone
FNDA:30,resourcificator
FNDA:41,Resourcify
FNDA:64,(anonymous_7)
FNDA:10,(anonymous_8)
FNDA:3,(anonymous_9)
FNDA:6,(anonymous_10)
FNDA:135,(anonymous_11)
FNDA:37,(anonymous_12)
FNDA:135,addRequest
FNDA:0,(anonymous_14)
FNDA:0,(anonymous_15)
FNDA:1,(anonymous_16)
FNDA:0,(anonymous_17)
FNDA:41,doRequest
FNDA:40,resolve
FNDA:112,(anonymous_20)
FNDA:36,ok
FNDA:32,(anonymous_22)
FNDA:0,rejection
FNDA:7,buildSubResourceParams
FNDA:11,(anonymous_25)
FNDA:3,recurseParent
FNDA:11,(anonymous_27)
FNDA:171,generateRequest
FNDA:41,request
FNDA:41,resolved
FNDA:0,rejected
DA:5,1
DA:6,39
DA:11,1
DA:12,10
DA:13,10
DA:14,10
DA:15,10
DA:18,1
DA:20,1
DA:21,7
DA:24,10
DA:26,10
DA:27,30
DA:28,20
DA:32,10
DA:35,1
DA:37,1
DA:39,41
DA:40,2
DA:43,39
DA:44,39
DA:45,39
DA:48,39
DA:49,39
DA:55,39
DA:56,39
DA:57,39
DA:60,39
DA:61,64
DA:72,64
DA:73,10
DA:74,10
DA:75,10
DA:76,10
DA:77,10
DA:78,10
DA:81,64
DA:84,39
DA:86,39
DA:87,6
DA:88,6
DA:92,30
DA:93,3
DA:94,3
DA:97,30
DA:98,6
DA:99,6
DA:102,30
DA:103,135
DA:104,134
DA:107,30
DA:108,37
DA:111,1
DA:112,135
DA:113,0
DA:116,135
DA:117,135
DA:118,135
DA:119,135
DA:122,135
DA:123,1
DA:126,134
DA:127,75
DA:128,75
DA:129,0
DA:130,0
DA:133,75
DA:134,18
DA:135,18
DA:136,0
DA:137,0
DA:141,59
DA:142,59
DA:143,1
DA:144,1
DA:147,59
DA:148,18
DA:149,18
DA:150,0
DA:151,0
DA:157,1
DA:159,1
DA:160,40
DA:161,40
DA:162,40
DA:163,40
DA:166,41
DA:173,41
DA:174,41
DA:175,13
DA:176,6
DA:177,6
DA:178,3
DA:179,3
DA:180,3
DA:181,3
DA:184,7
DA:185,7
DA:186,1
DA:187,1
DA:188,1
DA:189,1
DA:195,37
DA:198,37
DA:199,37
DA:200,112
DA:201,26
DA:205,37
DA:206,37
DA:207,37
DA:208,36
DA:209,36
DA:210,0
DA:215,36
DA:216,17
DA:217,32
DA:219,32
DA:220,32
DA:222,17
DA:223,6
DA:227,19
DA:230,19
DA:231,19
DA:232,2
DA:235,19
DA:236,4
DA:241,36
DA:242,10
DA:246,36
DA:249,36
DA:251,36
DA:254,0
DA:255,0
DA:259,1
DA:262,7
DA:263,7
DA:264,2
DA:268,7
DA:269,11
DA:270,11
DA:271,8
DA:272,8
DA:274,3
DA:275,3
DA:277,11
DA:278,4
DA:279,7
DA:280,3
DA:284,7
DA:285,7
DA:288,1
DA:289,3
DA:290,0
DA:294,3
DA:295,11
DA:296,11
DA:300,3
DA:303,1
DA:304,171
DA:305,41
DA:306,41
DA:310,41
DA:312,0
DA:313,0
DA:317,0
DA:318,0
DA:319,0
DA:320,0
DA:321,0
DA:324,0
DA:325,0
DA:328,0
DA:329,0
DA:330,0
DA:331,0
DA:334,12
DA:335,0
DA:336,12
DA:337,1
DA:339,11
DA:341,12
DA:342,29
DA:344,0
DA:350,41
DA:355,41
DA:356,41
DA:357,8
DA:358,3
DA:360,5
DA:365,41
DA:366,41
DA:367,41
DA:368,41
DA:371,41
DA:372,41
DA:375,0
DA:378,41
DA:382,30
DA:385,1
DA:387,1
LF:200
LH:173
BRDA:27,1,0,20
BRDA:27,1,1,10
BRDA:39,2,0,2
BRDA:39,2,1,39
BRDA:39,3,0,41
BRDA:39,3,1,40
BRDA:45,4,0,39
BRDA:45,4,1,27
BRDA:48,5,0,39
BRDA:48,5,1,39
BRDA:49,6,0,2
BRDA:49,6,1,37
BRDA:51,7,0,6
BRDA:51,7,1,31
BRDA:55,8,0,39
BRDA:55,8,1,38
BRDA:61,9,0,64
BRDA:61,9,1,12
BRDA:81,10,0,64
BRDA:81,10,1,0
BRDA:86,11,0,6
BRDA:86,11,1,33
BRDA:87,12,0,6
BRDA:87,12,1,0
BRDA:112,13,0,0
BRDA:112,13,1,135
BRDA:112,14,0,135
BRDA:112,14,1,135
BRDA:116,15,0,0
BRDA:116,15,1,135
BRDA:118,16,0,75
BRDA:118,16,1,60
BRDA:119,17,0,135
BRDA:119,17,1,133
BRDA:122,18,0,1
BRDA:122,18,1,134
BRDA:122,19,0,135
BRDA:122,19,1,60
BRDA:122,19,2,59
BRDA:126,20,0,75
BRDA:126,20,1,59
BRDA:133,21,0,18
BRDA:133,21,1,57
BRDA:147,22,0,18
BRDA:147,22,1,41
BRDA:174,23,0,13
BRDA:174,23,1,28
BRDA:174,24,0,41
BRDA:174,24,1,14
BRDA:174,24,2,14
BRDA:175,25,0,6
BRDA:175,25,1,7
BRDA:177,26,0,3
BRDA:177,26,1,3
BRDA:177,27,0,6
BRDA:177,27,1,4
BRDA:185,28,0,1
BRDA:185,28,1,6
BRDA:185,29,0,7
BRDA:185,29,1,2
BRDA:195,30,0,37
BRDA:195,30,1,35
BRDA:200,31,0,26
BRDA:200,31,1,86
BRDA:200,32,0,112
BRDA:200,32,1,112
BRDA:206,33,0,14
BRDA:206,33,1,23
BRDA:207,34,0,37
BRDA:207,34,1,0
BRDA:208,35,0,1
BRDA:208,35,1,35
BRDA:209,36,0,0
BRDA:209,36,1,36
BRDA:209,37,0,36
BRDA:209,37,1,17
BRDA:209,37,2,36
BRDA:209,37,3,19
BRDA:215,38,0,17
BRDA:215,38,1,19
BRDA:217,39,0,32
BRDA:217,39,1,0
BRDA:217,40,0,5
BRDA:217,40,1,27
BRDA:219,41,0,32
BRDA:219,41,1,2
BRDA:222,42,0,6
BRDA:222,42,1,11
BRDA:222,43,0,17
BRDA:222,43,1,6
BRDA:227,44,0,19
BRDA:227,44,1,0
BRDA:231,45,0,2
BRDA:231,45,1,17
BRDA:235,46,0,4
BRDA:235,46,1,15
BRDA:235,47,0,19
BRDA:235,47,1,4
BRDA:241,48,0,10
BRDA:241,48,1,26
BRDA:249,49,0,36
BRDA:249,49,1,34
BRDA:263,50,0,2
BRDA:263,50,1,5
BRDA:270,51,0,8
BRDA:270,51,1,3
BRDA:277,52,0,4
BRDA:277,52,1,7
BRDA:277,53,0,11
BRDA:277,53,1,8
BRDA:277,53,2,4
BRDA:279,54,0,3
BRDA:279,54,1,4
BRDA:279,55,0,7
BRDA:279,55,1,3
BRDA:289,56,0,0
BRDA:289,56,1,3
BRDA:295,57,0,11
BRDA:295,57,1,0
BRDA:310,58,0,0
BRDA:310,58,1,0
BRDA:310,58,2,0
BRDA:310,58,3,12
BRDA:310,58,4,29
BRDA:310,58,5,0
BRDA:317,59,0,0
BRDA:317,59,1,0
BRDA:318,60,0,0
BRDA:318,60,1,0
BRDA:334,61,0,0
BRDA:334,61,1,12
BRDA:336,62,0,1
BRDA:336,62,1,11
BRDA:350,63,0,14
BRDA:350,63,1,27
BRDA:350,64,0,18
BRDA:350,64,1,9
BRDA:351,65,0,0
BRDA:351,65,1,9
BRDA:356,66,0,8
BRDA:356,66,1,33
BRDA:356,67,0,41
BRDA:356,67,1,36
BRDA:356,67,2,27
BRDA:357,68,0,3
BRDA:357,68,1,5
BRDA:357,69,0,8
BRDA:357,69,1,5
BRDA:357,69,2,3
BRDA:358,70,0,3
BRDA:358,70,1,1
BRDA:360,71,0,5
BRDA:360,71,1,2
BRDA:361,72,0,5
BRDA:361,72,1,2
BRDA:371,73,0,41
BRDA:371,73,1,41
BRDA:378,74,0,15
BRDA:378,74,1,26
BRDA:378,75,0,41
BRDA:378,75,1,27
BRF:161
BRH:141
end_of_record
TN:
SF:./src/services/utils.js
FN:4,objectifyQueryParams
FN:9,(anonymous_2)
FN:25,extendDeep
FN:26,(anonymous_4)
FN:28,(anonymous_5)
FN:40,resourcifyUtils
FN:43,replaceParams
FN:56,(anonymous_8)
FN:81,(anonymous_9)
FNF:9
FNH:9
FNDA:61,objectifyQueryParams
FNDA:19,(anonymous_2)
FNDA:39,extendDeep
FNDA:152,(anonymous_4)
FNDA:118,(anonymous_5)
FNDA:49,resourcifyUtils
FNDA:57,replaceParams
FNDA:14,(anonymous_8)
FNDA:13,(anonymous_9)
DA:4,1
DA:5,61
DA:6,61
DA:7,10
DA:9,19
DA:12,61
DA:25,1
DA:26,39
DA:27,152
DA:28,113
DA:29,118
DA:30,1
DA:32,117
DA:37,39
DA:40,1
DA:43,1
DA:44,57
DA:46,57
DA:47,57
DA:50,57
DA:51,57
DA:52,7
DA:56,57
DA:57,14
DA:58,14
DA:59,5
DA:60,5
DA:61,9
DA:62,5
DA:67,57
DA:68,69
DA:69,69
DA:70,69
DA:71,26
DA:72,43
DA:73,28
DA:74,28
DA:79,57
DA:80,57
DA:81,57
DA:82,13
DA:84,57
DA:86,57
DA:89,49
DA:95,1
LF:45
LH:45
BRDA:6,1,0,10
BRDA:6,1,1,51
BRDA:27,2,0,113
BRDA:27,2,1,39
BRDA:29,3,0,1
BRDA:29,3,1,117
BRDA:29,4,0,118
BRDA:29,4,1,1
BRDA:29,4,2,1
BRDA:46,5,0,57
BRDA:46,5,1,7
BRDA:47,6,0,57
BRDA:47,6,1,16
BRDA:51,7,0,7
BRDA:51,7,1,50
BRDA:58,8,0,5
BRDA:58,8,1,9
BRDA:58,9,0,14
BRDA:58,9,1,9
BRDA:58,9,2,5
BRDA:58,9,3,4
BRDA:59,10,0,5
BRDA:59,10,1,1
BRDA:59,10,2,0
BRDA:61,11,0,5
BRDA:61,11,1,4
BRDA:69,12,0,69
BRDA:69,12,1,43
BRDA:69,12,2,31
BRDA:69,12,3,28
BRDA:70,13,0,26
BRDA:70,13,1,43
BRDA:72,14,0,28
BRDA:72,14,1,15
BRDA:84,15,0,10
BRDA:84,15,1,47
BRF:36
BRH:35
end_of_record
